<?xml version="1.0" encoding="UTF-8"?>
<!-- Generated by org.testng.reporters.JUnitReportReporter -->
<testsuite hostname="DESKTOP-FK2PR85" failures="0" tests="1" name="base.BaseClass" time="10.302" errors="0" timestamp="2023-09-20T16:34:52 IST" skipped="0">
  <testcase classname="base.BaseClass" name="LaunchBrowser" time="10.302"/>
  <system-out/>
</testsuite> <!-- base.BaseClass -->
