<?xml version="1.0" encoding="UTF-8"?>
<!-- Generated by org.testng.reporters.JUnitReportReporter -->
<testsuite hostname="DESKTOP-FK2PR85" failures="0" tests="1" name="pageobjects.Testcase" time="3.737" errors="0" timestamp="2023-09-20T17:55:20 IST" skipped="0">
  <testcase classname="pageobjects.Testcase" name="tc1" time="3.737"/>
  <system-out/>
</testsuite> <!-- pageobjects.Testcase -->
