<?xml version="1.0" encoding="UTF-8"?>
<!-- Generated by org.testng.reporters.JUnitReportReporter -->
<testsuite hostname="DESKTOP-FK2PR85" failures="0" tests="3" name="testcases.Testcase" time="11.293" errors="0" timestamp="2023-12-11T08:56:57 IST" skipped="2">
  <testcase classname="testcases.Testcase" name="addNewJobRole" time="11.293"/>
  <system-out/>
  <testcase classname="testcases.Testcase" name="tc1">
    <skipped/>
  </testcase> <!-- tc1 -->
  <system-out/>
  <testcase classname="testcases.Testcase" name="addNewUser">
    <skipped/>
  </testcase> <!-- addNewUser -->
  <system-out/>
</testsuite> <!-- testcases.Testcase -->
